0 info it worked if it ends with ok
1 verbose cli [ 'node', '/Users/smizell/.nvm/v0.10.40/bin/npm', 'run', 'lint' ]
2 info using npm@2.13.5
3 info using node@v0.10.40
4 verbose stack Error: missing script: lint
4 verbose stack     at run (/Users/smizell/.nvm/v0.10.40/lib/node_modules/npm/lib/run-script.js:142:19)
4 verbose stack     at /Users/smizell/.nvm/v0.10.40/lib/node_modules/npm/lib/run-script.js:58:5
4 verbose stack     at /Users/smizell/.nvm/v0.10.40/lib/node_modules/npm/node_modules/read-package-json/read-json.js:345:5
4 verbose stack     at checkBinReferences_ (/Users/smizell/.nvm/v0.10.40/lib/node_modules/npm/node_modules/read-package-json/read-json.js:309:45)
4 verbose stack     at final (/Users/smizell/.nvm/v0.10.40/lib/node_modules/npm/node_modules/read-package-json/read-json.js:343:3)
4 verbose stack     at then (/Users/smizell/.nvm/v0.10.40/lib/node_modules/npm/node_modules/read-package-json/read-json.js:113:5)
4 verbose stack     at /Users/smizell/.nvm/v0.10.40/lib/node_modules/npm/node_modules/read-package-json/read-json.js:300:12
4 verbose stack     at evalmachine.<anonymous>:272:14
4 verbose stack     at /Users/smizell/.nvm/v0.10.40/lib/node_modules/npm/node_modules/read-package-json/node_modules/graceful-fs/graceful-fs.js:102:5
4 verbose stack     at Object.oncomplete (evalmachine.<anonymous>:108:15)
5 verbose cwd /Users/smizell/Projects/representor
6 error Darwin 15.0.0
7 error argv "node" "/Users/smizell/.nvm/v0.10.40/bin/npm" "run" "lint"
8 error node v0.10.40
9 error npm  v2.13.5
10 error missing script: lint
11 error If you need help, you may report this error at:
11 error     <https://github.com/npm/npm/issues>
12 verbose exit [ 1, true ]
